\BOOKMARK [1][-]{section.1}{Introduzione}{}% 1
\BOOKMARK [2][-]{subsection.1.1}{Tassonomia modelli}{section.1}% 2
\BOOKMARK [2][-]{subsection.1.2}{Programmazione matematica}{section.1}% 3
\BOOKMARK [1][-]{section.2}{Modellazione di problemi}{}% 4
\BOOKMARK [2][-]{subsection.2.1}{Problema dello zaino}{section.2}% 5
\BOOKMARK [2][-]{subsection.2.2}{Problema di trasporto e localizzazione di impianti}{section.2}% 6
\BOOKMARK [2][-]{subsection.2.3}{Problema assegnamento}{section.2}% 7
\BOOKMARK [2][-]{subsection.2.4}{Mix Produttivo}{section.2}% 8
\BOOKMARK [3][-]{subsubsection.2.4.1}{Vernici}{subsection.2.4}% 9
\BOOKMARK [3][-]{subsubsection.2.4.2}{Problema della dieta}{subsection.2.4}% 10
\BOOKMARK [2][-]{subsection.2.5}{Miscelazione}{section.2}% 11
\BOOKMARK [2][-]{subsection.2.6}{Turnazione personale}{section.2}% 12
\BOOKMARK [2][-]{subsection.2.7}{Locazione di servizi}{section.2}% 13
\BOOKMARK [2][-]{subsection.2.8}{Bin packing}{section.2}% 14
\BOOKMARK [2][-]{subsection.2.9}{Problema di assegnamento}{section.2}% 15
\BOOKMARK [2][-]{subsection.2.10}{Problema di sequenziamento monoprocessore}{section.2}% 16
\BOOKMARK [2][-]{subsection.2.11}{Problema di pianificazione della produzione}{section.2}% 17
\BOOKMARK [3][-]{subsubsection.2.11.1}{Variante lotto minimo}{subsection.2.11}% 18
\BOOKMARK [3][-]{subsubsection.2.11.2}{Variante produzione con costi fissi}{subsection.2.11}% 19
\BOOKMARK [3][-]{subsubsection.2.11.3}{Variante multiprodotto}{subsection.2.11}% 20
\BOOKMARK [2][-]{subsection.2.12}{Set Covering}{section.2}% 21
\BOOKMARK [2][-]{subsection.2.13}{Modellare vincoli logici utilizzando variabili binarie}{section.2}% 22
\BOOKMARK [1][-]{section.3}{Parte formale della ricerca operativa}{}% 23
\BOOKMARK [2][-]{subsection.3.1}{Tecnica di soluzione lineare}{section.3}% 24
\BOOKMARK [2][-]{subsection.3.2}{Tecnica di programmazione matematica}{section.3}% 25
\BOOKMARK [3][-]{subsubsection.3.2.1}{Convessit\340}{subsection.3.2}% 26
